2017-10-31 17:12:14,237 - Administrator login
2017-10-31 17:12:14,324 - Initialize UI
2017-10-31 17:12:14,345 - Initialize sequence table
2017-10-31 17:12:14,349 - Load sequence
2017-10-31 17:12:14,350 - Initialize sequence tree
2017-10-31 17:12:14,357 - ZMQ Server Start, Port: 5555
2017-10-31 17:12:14,363 - Connect PLC OK!
2017-10-31 17:13:57,414 - Administrator login
2017-10-31 17:13:57,487 - Initialize UI
2017-10-31 17:13:57,498 - Initialize sequence table
2017-10-31 17:13:57,501 - Load sequence
2017-10-31 17:13:57,502 - Initialize sequence tree
2017-10-31 17:13:57,505 - ZMQ Server Start, Port: 5555
2017-10-31 17:13:57,509 - Connect PLC OK!
2017-10-31 17:14:40,218 - Start test
2017-10-31 17:14:42,235 - Test item: function1
2017-10-31 17:14:42,239 - function1 result:[0.5, 0.5]
2017-10-31 17:14:42,243 - Skip item: function2
2017-10-31 17:14:42,244 - function2 result:[None]
2017-10-31 17:14:42,747 - Test item: function3
2017-10-31 17:14:42,749 - function3 result:[0]
2017-10-31 17:14:42,752 - Skip item: function4
2017-10-31 17:14:42,753 - function4 result:[None]
2017-10-31 17:14:43,254 - Test item: function5
2017-10-31 17:14:43,256 - function5 result:[0.5]
2017-10-31 17:14:43,762 - Test item: function6
2017-10-31 17:14:43,764 - function6 result:[0.5]
2017-10-31 17:14:44,273 - Test item: function7
2017-10-31 17:14:44,274 - function7 result:[0.5]
2017-10-31 17:14:44,779 - Test item: function8
2017-10-31 17:14:44,781 - function8 result:[0.9]
2017-10-31 17:14:45,290 - Test item: function9
2017-10-31 17:14:45,291 - function9 result:[0.9]
2017-10-31 17:15:29,404 - Administrator login
2017-10-31 17:15:29,472 - Initialize UI
2017-10-31 17:15:29,490 - Initialize sequence table
2017-10-31 17:15:29,494 - Load sequence
2017-10-31 17:15:29,494 - Initialize sequence tree
2017-10-31 17:15:29,497 - ZMQ Server Start, Port: 5555
2017-10-31 17:15:29,502 - Connect PLC OK!
2017-10-31 17:15:33,271 - Start test
2017-10-31 17:15:35,282 - Test item: function1
2017-10-31 17:15:35,283 - function1 result:[0.5, 0.5]
2017-10-31 17:15:35,284 - Skip item: function2
2017-10-31 17:15:35,284 - function2 result:[None]
2017-10-31 17:15:35,797 - Test item: function3
2017-10-31 17:15:35,798 - function3 result:[0]
2017-10-31 17:15:35,802 - Skip item: function4
2017-10-31 17:15:35,802 - function4 result:[None]
2017-10-31 17:15:36,306 - Test item: function5
2017-10-31 17:15:36,307 - function5 result:[0.5]
2017-10-31 17:15:36,814 - Test item: function6
2017-10-31 17:15:36,816 - function6 result:[0.5]
2017-10-31 17:15:37,323 - Test item: function7
2017-10-31 17:15:37,325 - function7 result:[0.5]
2017-10-31 17:15:37,831 - Test item: function8
2017-10-31 17:15:37,832 - function8 result:[0.9]
2017-10-31 17:15:38,341 - Test item: function9
2017-10-31 17:15:38,343 - function9 result:[0.9]
2017-10-31 17:15:38,350 - total time： 5.01
